0 info it worked if it ends with ok
1 verbose cli [ '/usr/bin/node', '/usr/bin/npm', 'install' ]
2 info using npm@1.4.28
3 info using node@v0.10.38
4 verbose node symlink /usr/bin/node
5 verbose readDependencies using package.json deps
6 verbose install where, deps [ '/home/alexdo/My Projects/material-start',
6 verbose install   [ 'karma',
6 verbose install     'protractor',
6 verbose install     'http-server',
6 verbose install     'bower',
6 verbose install     'shelljs',
6 verbose install     'karma-junit-reporter' ] ]
7 info preinstall material-start@0.0.0
8 verbose readDependencies using package.json deps
9 verbose cache add [ 'karma@~0.10', null ]
10 verbose cache add name=undefined spec="karma@~0.10" args=["karma@~0.10",null]
11 verbose parsed url { protocol: null,
11 verbose parsed url   slashes: null,
11 verbose parsed url   auth: null,
11 verbose parsed url   host: null,
11 verbose parsed url   port: null,
11 verbose parsed url   hostname: null,
11 verbose parsed url   hash: null,
11 verbose parsed url   search: null,
11 verbose parsed url   query: null,
11 verbose parsed url   pathname: 'karma@~0.10',
11 verbose parsed url   path: 'karma@~0.10',
11 verbose parsed url   href: 'karma@~0.10' }
12 verbose cache add [ 'protractor@^1.1.1', null ]
13 verbose cache add name=undefined spec="protractor@^1.1.1" args=["protractor@^1.1.1",null]
14 verbose parsed url { protocol: null,
14 verbose parsed url   slashes: null,
14 verbose parsed url   auth: null,
14 verbose parsed url   host: null,
14 verbose parsed url   port: null,
14 verbose parsed url   hostname: null,
14 verbose parsed url   hash: null,
14 verbose parsed url   search: null,
14 verbose parsed url   query: null,
14 verbose parsed url   pathname: 'protractor@^1.1.1',
14 verbose parsed url   path: 'protractor@^1.1.1',
14 verbose parsed url   href: 'protractor@^1.1.1' }
15 verbose cache add [ 'http-server@^0.6.1', null ]
16 verbose cache add name=undefined spec="http-server@^0.6.1" args=["http-server@^0.6.1",null]
17 verbose parsed url { protocol: null,
17 verbose parsed url   slashes: null,
17 verbose parsed url   auth: null,
17 verbose parsed url   host: null,
17 verbose parsed url   port: null,
17 verbose parsed url   hostname: null,
17 verbose parsed url   hash: null,
17 verbose parsed url   search: null,
17 verbose parsed url   query: null,
17 verbose parsed url   pathname: 'http-server@^0.6.1',
17 verbose parsed url   path: 'http-server@^0.6.1',
17 verbose parsed url   href: 'http-server@^0.6.1' }
18 verbose cache add [ 'bower@^1.3.1', null ]
19 verbose cache add name=undefined spec="bower@^1.3.1" args=["bower@^1.3.1",null]
20 verbose parsed url { protocol: null,
20 verbose parsed url   slashes: null,
20 verbose parsed url   auth: null,
20 verbose parsed url   host: null,
20 verbose parsed url   port: null,
20 verbose parsed url   hostname: null,
20 verbose parsed url   hash: null,
20 verbose parsed url   search: null,
20 verbose parsed url   query: null,
20 verbose parsed url   pathname: 'bower@^1.3.1',
20 verbose parsed url   path: 'bower@^1.3.1',
20 verbose parsed url   href: 'bower@^1.3.1' }
21 verbose cache add [ 'shelljs@^0.2.6', null ]
22 verbose cache add name=undefined spec="shelljs@^0.2.6" args=["shelljs@^0.2.6",null]
23 verbose parsed url { protocol: null,
23 verbose parsed url   slashes: null,
23 verbose parsed url   auth: null,
23 verbose parsed url   host: null,
23 verbose parsed url   port: null,
23 verbose parsed url   hostname: null,
23 verbose parsed url   hash: null,
23 verbose parsed url   search: null,
23 verbose parsed url   query: null,
23 verbose parsed url   pathname: 'shelljs@^0.2.6',
23 verbose parsed url   path: 'shelljs@^0.2.6',
23 verbose parsed url   href: 'shelljs@^0.2.6' }
24 verbose cache add [ 'karma-junit-reporter@^0.2.2', null ]
25 verbose cache add name=undefined spec="karma-junit-reporter@^0.2.2" args=["karma-junit-reporter@^0.2.2",null]
26 verbose parsed url { protocol: null,
26 verbose parsed url   slashes: null,
26 verbose parsed url   auth: null,
26 verbose parsed url   host: null,
26 verbose parsed url   port: null,
26 verbose parsed url   hostname: null,
26 verbose parsed url   hash: null,
26 verbose parsed url   search: null,
26 verbose parsed url   query: null,
26 verbose parsed url   pathname: 'karma-junit-reporter@^0.2.2',
26 verbose parsed url   path: 'karma-junit-reporter@^0.2.2',
26 verbose parsed url   href: 'karma-junit-reporter@^0.2.2' }
27 verbose cache add name="karma" spec="~0.10" args=["karma","~0.10"]
28 verbose parsed url { protocol: null,
28 verbose parsed url   slashes: null,
28 verbose parsed url   auth: null,
28 verbose parsed url   host: null,
28 verbose parsed url   port: null,
28 verbose parsed url   hostname: null,
28 verbose parsed url   hash: null,
28 verbose parsed url   search: null,
28 verbose parsed url   query: null,
28 verbose parsed url   pathname: '~0.10',
28 verbose parsed url   path: '~0.10',
28 verbose parsed url   href: '~0.10' }
29 verbose addNamed [ 'karma', '~0.10' ]
30 verbose addNamed [ null, '>=0.10.0-0 <0.11.0-0' ]
31 verbose cache add name="http-server" spec="^0.6.1" args=["http-server","^0.6.1"]
32 verbose parsed url { protocol: null,
32 verbose parsed url   slashes: null,
32 verbose parsed url   auth: null,
32 verbose parsed url   host: null,
32 verbose parsed url   port: null,
32 verbose parsed url   hostname: null,
32 verbose parsed url   hash: null,
32 verbose parsed url   search: null,
32 verbose parsed url   query: null,
32 verbose parsed url   pathname: '^0.6.1',
32 verbose parsed url   path: '^0.6.1',
32 verbose parsed url   href: '^0.6.1' }
33 verbose addNamed [ 'http-server', '^0.6.1' ]
34 verbose addNamed [ null, '>=0.6.1-0 <0.7.0-0' ]
35 verbose cache add name="bower" spec="^1.3.1" args=["bower","^1.3.1"]
36 verbose parsed url { protocol: null,
36 verbose parsed url   slashes: null,
36 verbose parsed url   auth: null,
36 verbose parsed url   host: null,
36 verbose parsed url   port: null,
36 verbose parsed url   hostname: null,
36 verbose parsed url   hash: null,
36 verbose parsed url   search: null,
36 verbose parsed url   query: null,
36 verbose parsed url   pathname: '^1.3.1',
36 verbose parsed url   path: '^1.3.1',
36 verbose parsed url   href: '^1.3.1' }
37 verbose addNamed [ 'bower', '^1.3.1' ]
38 verbose addNamed [ null, '>=1.3.1-0 <2.0.0-0' ]
39 verbose cache add name="karma-junit-reporter" spec="^0.2.2" args=["karma-junit-reporter","^0.2.2"]
40 verbose parsed url { protocol: null,
40 verbose parsed url   slashes: null,
40 verbose parsed url   auth: null,
40 verbose parsed url   host: null,
40 verbose parsed url   port: null,
40 verbose parsed url   hostname: null,
40 verbose parsed url   hash: null,
40 verbose parsed url   search: null,
40 verbose parsed url   query: null,
40 verbose parsed url   pathname: '^0.2.2',
40 verbose parsed url   path: '^0.2.2',
40 verbose parsed url   href: '^0.2.2' }
41 verbose addNamed [ 'karma-junit-reporter', '^0.2.2' ]
42 verbose addNamed [ null, '>=0.2.2-0 <0.3.0-0' ]
43 verbose cache add name="protractor" spec="^1.1.1" args=["protractor","^1.1.1"]
44 verbose parsed url { protocol: null,
44 verbose parsed url   slashes: null,
44 verbose parsed url   auth: null,
44 verbose parsed url   host: null,
44 verbose parsed url   port: null,
44 verbose parsed url   hostname: null,
44 verbose parsed url   hash: null,
44 verbose parsed url   search: null,
44 verbose parsed url   query: null,
44 verbose parsed url   pathname: '^1.1.1',
44 verbose parsed url   path: '^1.1.1',
44 verbose parsed url   href: '^1.1.1' }
45 verbose addNamed [ 'protractor', '^1.1.1' ]
46 verbose addNamed [ null, '>=1.1.1-0 <2.0.0-0' ]
47 verbose cache add name="shelljs" spec="^0.2.6" args=["shelljs","^0.2.6"]
48 verbose parsed url { protocol: null,
48 verbose parsed url   slashes: null,
48 verbose parsed url   auth: null,
48 verbose parsed url   host: null,
48 verbose parsed url   port: null,
48 verbose parsed url   hostname: null,
48 verbose parsed url   hash: null,
48 verbose parsed url   search: null,
48 verbose parsed url   query: null,
48 verbose parsed url   pathname: '^0.2.6',
48 verbose parsed url   path: '^0.2.6',
48 verbose parsed url   href: '^0.2.6' }
49 verbose addNamed [ 'shelljs', '^0.2.6' ]
50 verbose addNamed [ null, '>=0.2.6-0 <0.3.0-0' ]
51 silly lockFile 059b5650-karma-0-10 karma@~0.10
52 verbose lock karma@~0.10 /home/alexdo/.npm/059b5650-karma-0-10.lock
53 silly lockFile e7eeaefd-http-server-0-6-1 http-server@^0.6.1
54 verbose lock http-server@^0.6.1 /home/alexdo/.npm/e7eeaefd-http-server-0-6-1.lock
55 silly lockFile 7c83895e-bower-1-3-1 bower@^1.3.1
56 verbose lock bower@^1.3.1 /home/alexdo/.npm/7c83895e-bower-1-3-1.lock
57 silly lockFile 6934e75d-karma-junit-reporter-0-2-2 karma-junit-reporter@^0.2.2
58 verbose lock karma-junit-reporter@^0.2.2 /home/alexdo/.npm/6934e75d-karma-junit-reporter-0-2-2.lock
59 silly lockFile 345c784a-protractor-1-1-1 protractor@^1.1.1
60 verbose lock protractor@^1.1.1 /home/alexdo/.npm/345c784a-protractor-1-1-1.lock
61 silly lockFile cdaabbbd-shelljs-0-2-6 shelljs@^0.2.6
62 verbose lock shelljs@^0.2.6 /home/alexdo/.npm/cdaabbbd-shelljs-0-2-6.lock
63 silly addNameRange { name: 'karma', range: '>=0.10.0-0 <0.11.0-0', hasData: false }
64 silly addNameRange { name: 'protractor',
64 silly addNameRange   range: '>=1.1.1-0 <2.0.0-0',
64 silly addNameRange   hasData: false }
65 silly addNameRange { name: 'shelljs', range: '>=0.2.6-0 <0.3.0-0', hasData: false }
66 silly addNameRange { name: 'http-server',
66 silly addNameRange   range: '>=0.6.1-0 <0.7.0-0',
66 silly addNameRange   hasData: false }
67 silly addNameRange { name: 'bower', range: '>=1.3.1-0 <2.0.0-0', hasData: false }
68 silly addNameRange { name: 'karma-junit-reporter',
68 silly addNameRange   range: '>=0.2.2-0 <0.3.0-0',
68 silly addNameRange   hasData: false }
69 verbose request where is /http-server
70 verbose request registry https://registry.npmjs.org/
71 verbose request id 9bdf043c1843517b
72 verbose url raw /http-server
73 verbose url resolving [ 'https://registry.npmjs.org/', './http-server' ]
74 verbose url resolved https://registry.npmjs.org/http-server
75 verbose request where is https://registry.npmjs.org/http-server
76 info trying registry request attempt 1 at 17:43:58
77 http GET https://registry.npmjs.org/http-server
78 verbose request where is /karma-junit-reporter
79 verbose request registry https://registry.npmjs.org/
80 verbose url raw /karma-junit-reporter
81 verbose url resolving [ 'https://registry.npmjs.org/', './karma-junit-reporter' ]
82 verbose url resolved https://registry.npmjs.org/karma-junit-reporter
83 verbose request where is https://registry.npmjs.org/karma-junit-reporter
84 info trying registry request attempt 1 at 17:43:58
85 http GET https://registry.npmjs.org/karma-junit-reporter
86 verbose request where is /protractor
87 verbose request registry https://registry.npmjs.org/
88 verbose url raw /protractor
89 verbose url resolving [ 'https://registry.npmjs.org/', './protractor' ]
90 verbose url resolved https://registry.npmjs.org/protractor
91 verbose request where is https://registry.npmjs.org/protractor
92 info trying registry request attempt 1 at 17:43:58
93 verbose etag "1PNTHI70I1313X5B7IOZT88A0"
94 http GET https://registry.npmjs.org/protractor
95 verbose request where is /karma
96 verbose request registry https://registry.npmjs.org/
97 verbose url raw /karma
98 verbose url resolving [ 'https://registry.npmjs.org/', './karma' ]
99 verbose url resolved https://registry.npmjs.org/karma
100 verbose request where is https://registry.npmjs.org/karma
101 info trying registry request attempt 1 at 17:43:58
102 verbose etag "5BDVFKU6N6KD2WLVS1974KYQG"
103 http GET https://registry.npmjs.org/karma
104 verbose request where is /bower
105 verbose request registry https://registry.npmjs.org/
106 verbose url raw /bower
107 verbose url resolving [ 'https://registry.npmjs.org/', './bower' ]
108 verbose url resolved https://registry.npmjs.org/bower
109 verbose request where is https://registry.npmjs.org/bower
110 info trying registry request attempt 1 at 17:43:58
111 verbose etag "9FLQC8OQLVXHECPKFRFZYS6KQ"
112 http GET https://registry.npmjs.org/bower
113 verbose request where is /shelljs
114 verbose request registry https://registry.npmjs.org/
115 verbose url raw /shelljs
116 verbose url resolving [ 'https://registry.npmjs.org/', './shelljs' ]
117 verbose url resolved https://registry.npmjs.org/shelljs
118 verbose request where is https://registry.npmjs.org/shelljs
119 info trying registry request attempt 1 at 17:43:59
120 verbose etag "4UKG5N899NOH8QL8VH02H8YM1"
121 http GET https://registry.npmjs.org/shelljs
122 http 200 https://registry.npmjs.org/http-server
123 silly registry.get cb [ 200,
123 silly registry.get   { server: 'CouchDB/1.5.0 (Erlang OTP/R16B03)',
123 silly registry.get     etag: '"6R3KMTCWGDM2FVMQB44EZV6B4"',
123 silly registry.get     'content-type': 'application/json',
123 silly registry.get     'cache-control': 'max-age=60',
123 silly registry.get     'content-length': '44659',
123 silly registry.get     'accept-ranges': 'bytes',
123 silly registry.get     date: 'Sat, 02 May 2015 00:44:00 GMT',
123 silly registry.get     via: '1.1 varnish',
123 silly registry.get     age: '0',
123 silly registry.get     connection: 'keep-alive',
123 silly registry.get     'x-served-by': 'cache-sjc3130-SJC',
123 silly registry.get     'x-cache': 'HIT',
123 silly registry.get     'x-cache-hits': '1',
123 silly registry.get     'x-timer': 'S1430527440.428896,VS0,VE35',
123 silly registry.get     vary: 'Accept' } ]
124 http 200 https://registry.npmjs.org/karma-junit-reporter
125 silly registry.get cb [ 200,
125 silly registry.get   { server: 'CouchDB/1.5.0 (Erlang OTP/R16B03)',
125 silly registry.get     etag: '"CXJT5NXTM35C6LDTOHMUGTKGX"',
125 silly registry.get     'content-type': 'application/json',
125 silly registry.get     'cache-control': 'max-age=60',
125 silly registry.get     'content-length': '8018',
125 silly registry.get     'accept-ranges': 'bytes',
125 silly registry.get     date: 'Sat, 02 May 2015 00:44:00 GMT',
125 silly registry.get     via: '1.1 varnish',
125 silly registry.get     age: '0',
125 silly registry.get     connection: 'keep-alive',
125 silly registry.get     'x-served-by': 'cache-sjc3124-SJC',
125 silly registry.get     'x-cache': 'HIT',
125 silly registry.get     'x-cache-hits': '1',
125 silly registry.get     'x-timer': 'S1430527440.437031,VS0,VE35',
125 silly registry.get     vary: 'Accept' } ]
126 http 200 https://registry.npmjs.org/shelljs
127 silly registry.get cb [ 200,
127 silly registry.get   { server: 'CouchDB/1.5.0 (Erlang OTP/R16B03)',
127 silly registry.get     etag: '"3KZB9QQSSX1I2BIY3HOVX0HLQ"',
127 silly registry.get     'content-type': 'application/json',
127 silly registry.get     'cache-control': 'max-age=60',
127 silly registry.get     'content-length': '47944',
127 silly registry.get     'accept-ranges': 'bytes',
127 silly registry.get     date: 'Sat, 02 May 2015 00:44:01 GMT',
127 silly registry.get     via: '1.1 varnish',
127 silly registry.get     age: '33',
127 silly registry.get     connection: 'keep-alive',
127 silly registry.get     'x-served-by': 'cache-sjc3130-SJC',
127 silly registry.get     'x-cache': 'HIT',
127 silly registry.get     'x-cache-hits': '1',
127 silly registry.get     'x-timer': 'S1430527441.057689,VS0,VE0',
127 silly registry.get     vary: 'Accept' } ]
128 http 200 https://registry.npmjs.org/protractor
129 silly registry.get cb [ 200,
129 silly registry.get   { server: 'CouchDB/1.5.0 (Erlang OTP/R16B03)',
129 silly registry.get     etag: '"ETXR37D8SAPOZHGVSSW966B9D"',
129 silly registry.get     'content-type': 'application/json',
129 silly registry.get     'cache-control': 'max-age=60',
129 silly registry.get     'content-length': '85631',
129 silly registry.get     'accept-ranges': 'bytes',
129 silly registry.get     date: 'Sat, 02 May 2015 00:44:01 GMT',
129 silly registry.get     via: '1.1 varnish',
129 silly registry.get     age: '0',
129 silly registry.get     connection: 'keep-alive',
129 silly registry.get     'x-served-by': 'cache-sjc3128-SJC',
129 silly registry.get     'x-cache': 'HIT',
129 silly registry.get     'x-cache-hits': '1',
129 silly registry.get     'x-timer': 'S1430527441.035974,VS0,VE35',
129 silly registry.get     vary: 'Accept' } ]
130 http 200 https://registry.npmjs.org/bower
131 silly registry.get cb [ 200,
131 silly registry.get   { server: 'CouchDB/1.5.0 (Erlang OTP/R16B03)',
131 silly registry.get     etag: '"7R9FZWXTT6ODL83S51HDX9FJ7"',
131 silly registry.get     'content-type': 'application/json',
131 silly registry.get     'cache-control': 'max-age=60',
131 silly registry.get     'content-length': '111841',
131 silly registry.get     'accept-ranges': 'bytes',
131 silly registry.get     date: 'Sat, 02 May 2015 00:44:01 GMT',
131 silly registry.get     via: '1.1 varnish',
131 silly registry.get     age: '21',
131 silly registry.get     connection: 'keep-alive',
131 silly registry.get     'x-served-by': 'cache-sjc3128-SJC',
131 silly registry.get     'x-cache': 'HIT',
131 silly registry.get     'x-cache-hits': '20',
131 silly registry.get     'x-timer': 'S1430527441.069422,VS0,VE0',
131 silly registry.get     vary: 'Accept' } ]
132 silly addNameRange number 2 { name: 'shelljs', range: '>=0.2.6-0 <0.3.0-0', hasData: true }
133 silly addNameRange versions [ 'shelljs',
133 silly addNameRange   [ '0.0.1',
133 silly addNameRange     '0.0.2',
133 silly addNameRange     '0.0.3',
133 silly addNameRange     '0.0.4',
133 silly addNameRange     '0.0.5',
133 silly addNameRange     '0.0.6',
133 silly addNameRange     '0.0.7',
133 silly addNameRange     '0.0.8',
133 silly addNameRange     '0.0.9',
133 silly addNameRange     '0.1.0',
133 silly addNameRange     '0.1.1',
133 silly addNameRange     '0.1.2',
133 silly addNameRange     '0.1.3',
133 silly addNameRange     '0.1.4',
133 silly addNameRange     '0.2.0',
133 silly addNameRange     '0.2.1',
133 silly addNameRange     '0.2.2',
133 silly addNameRange     '0.2.3',
133 silly addNameRange     '0.2.4',
133 silly addNameRange     '0.2.5',
133 silly addNameRange     '0.2.6',
133 silly addNameRange     '0.3.0',
133 silly addNameRange     '0.4.0',
133 silly addNameRange     '0.0.1-alpha1',
133 silly addNameRange     '0.0.2-pre1',
133 silly addNameRange     '0.0.4-pre1',
133 silly addNameRange     '0.0.5-pre1',
133 silly addNameRange     '0.0.5-pre2',
133 silly addNameRange     '0.0.5-pre3',
133 silly addNameRange     '0.0.5-pre4',
133 silly addNameRange     '0.0.6-pre1',
133 silly addNameRange     '0.0.6-pre2' ] ]
134 verbose addNamed [ 'shelljs', '0.2.6' ]
135 verbose addNamed [ '0.2.6', '0.2.6' ]
136 silly lockFile 542b9617-shelljs-0-2-6 shelljs@0.2.6
137 verbose lock shelljs@0.2.6 /home/alexdo/.npm/542b9617-shelljs-0-2-6.lock
138 silly addNameRange number 2 { name: 'karma-junit-reporter',
138 silly addNameRange   range: '>=0.2.2-0 <0.3.0-0',
138 silly addNameRange   hasData: true }
139 silly addNameRange versions [ 'karma-junit-reporter',
139 silly addNameRange   [ '0.0.1', '0.0.2', '0.1.0', '0.2.1', '0.2.2' ] ]
140 verbose addNamed [ 'karma-junit-reporter', '0.2.2' ]
141 verbose addNamed [ '0.2.2', '0.2.2' ]
142 silly lockFile 9c865114-karma-junit-reporter-0-2-2 karma-junit-reporter@0.2.2
143 verbose lock karma-junit-reporter@0.2.2 /home/alexdo/.npm/9c865114-karma-junit-reporter-0-2-2.lock
144 silly addNameRange number 2 { name: 'http-server',
144 silly addNameRange   range: '>=0.6.1-0 <0.7.0-0',
144 silly addNameRange   hasData: true }
145 silly addNameRange versions [ 'http-server',
145 silly addNameRange   [ '0.1.0',
145 silly addNameRange     '0.1.1',
145 silly addNameRange     '0.1.3',
145 silly addNameRange     '0.2.1',
145 silly addNameRange     '0.2.2',
145 silly addNameRange     '0.2.3',
145 silly addNameRange     '0.2.4',
145 silly addNameRange     '0.2.5',
145 silly addNameRange     '0.2.6',
145 silly addNameRange     '0.2.9',
145 silly addNameRange     '0.3.0',
145 silly addNameRange     '0.4.0',
145 silly addNameRange     '0.4.1',
145 silly addNameRange     '0.5.0',
145 silly addNameRange     '0.5.1',
145 silly addNameRange     '0.5.2',
145 silly addNameRange     '0.5.3',
145 silly addNameRange     '0.5.5',
145 silly addNameRange     '0.6.0',
145 silly addNameRange     '0.6.1',
145 silly addNameRange     '0.7.0',
145 silly addNameRange     '0.7.1',
145 silly addNameRange     '0.7.2',
145 silly addNameRange     '0.7.3',
145 silly addNameRange     '0.7.4',
145 silly addNameRange     '0.7.5',
145 silly addNameRange     '0.8.0' ] ]
146 verbose addNamed [ 'http-server', '0.6.1' ]
147 verbose addNamed [ '0.6.1', '0.6.1' ]
148 silly lockFile 1e2b2518-http-server-0-6-1 http-server@0.6.1
149 verbose lock http-server@0.6.1 /home/alexdo/.npm/1e2b2518-http-server-0-6-1.lock
150 silly addNameRange number 2 { name: 'protractor',
150 silly addNameRange   range: '>=1.1.1-0 <2.0.0-0',
150 silly addNameRange   hasData: true }
151 silly addNameRange versions [ 'protractor',
151 silly addNameRange   [ '0.1.0',
151 silly addNameRange     '0.1.1',
151 silly addNameRange     '0.1.2',
151 silly addNameRange     '0.1.3',
151 silly addNameRange     '0.2.0',
151 silly addNameRange     '0.2.1',
151 silly addNameRange     '0.3.0',
151 silly addNameRange     '0.4.0',
151 silly addNameRange     '0.4.1',
151 silly addNameRange     '0.5.0',
151 silly addNameRange     '0.6.1',
151 silly addNameRange     '0.7.0',
151 silly addNameRange     '0.8.0',
151 silly addNameRange     '0.9.0',
151 silly addNameRange     '0.10.0',
151 silly addNameRange     '0.11.0',
151 silly addNameRange     '0.12.0',
151 silly addNameRange     '0.12.1',
151 silly addNameRange     '0.13.0',
151 silly addNameRange     '0.14.0',
151 silly addNameRange     '0.15.0',
151 silly addNameRange     '0.16.0',
151 silly addNameRange     '0.16.1',
151 silly addNameRange     '0.17.0',
151 silly addNameRange     '0.18.0',
151 silly addNameRange     '0.18.1',
151 silly addNameRange     '0.19.0',
151 silly addNameRange     '0.20.0',
151 silly addNameRange     '0.20.1',
151 silly addNameRange     '0.21.0',
151 silly addNameRange     '0.22.0',
151 silly addNameRange     '0.23.0',
151 silly addNameRange     '0.23.1',
151 silly addNameRange     '0.24.0',
151 silly addNameRange     '0.24.1',
151 silly addNameRange     '0.24.2',
151 silly addNameRange     '1.0.0-rc1',
151 silly addNameRange     '1.0.0-rc2',
151 silly addNameRange     '1.0.0-rc3',
151 silly addNameRange     '1.0.0-rc4',
151 silly addNameRange     '1.0.0-rc5',
151 silly addNameRange     '1.0.0-rc6',
151 silly addNameRange     '1.0.0',
151 silly addNameRange     '1.1.0',
151 silly addNameRange     '1.1.1',
151 silly addNameRange     '1.2.0-beta1',
151 silly addNameRange     '1.2.0',
151 silly addNameRange     '1.3.0',
151 silly addNameRange     '1.3.1',
151 silly addNameRange     '1.4.0',
151 silly addNameRange     '1.5.0',
151 silly addNameRange     '1.6.0',
151 silly addNameRange     '1.6.1',
151 silly addNameRange     '1.7.0',
151 silly addNameRange     '1.8.0',
151 silly addNameRange     '2.0.0' ] ]
152 verbose addNamed [ 'protractor', '1.8.0' ]
153 verbose addNamed [ '1.8.0', '1.8.0' ]
154 silly lockFile 260d3e9d-protractor-1-8-0 protractor@1.8.0
155 verbose lock protractor@1.8.0 /home/alexdo/.npm/260d3e9d-protractor-1-8-0.lock
156 silly addNameRange number 2 { name: 'bower', range: '>=1.3.1-0 <2.0.0-0', hasData: true }
157 silly addNameRange versions [ 'bower',
157 silly addNameRange   [ '0.1.0',
157 silly addNameRange     '0.1.2',
157 silly addNameRange     '0.1.3',
157 silly addNameRange     '0.2.0',
157 silly addNameRange     '0.3.0',
157 silly addNameRange     '0.3.1',
157 silly addNameRange     '0.3.2',
157 silly addNameRange     '0.4.0',
157 silly addNameRange     '0.5.0',
157 silly addNameRange     '0.5.1',
157 silly addNameRange     '0.6.0',
157 silly addNameRange     '0.6.1',
157 silly addNameRange     '0.6.2',
157 silly addNameRange     '0.6.3',
157 silly addNameRange     '0.6.4',
157 silly addNameRange     '0.6.5',
157 silly addNameRange     '0.6.6',
157 silly addNameRange     '0.6.7',
157 silly addNameRange     '0.6.8',
157 silly addNameRange     '0.7.0',
157 silly addNameRange     '0.7.1',
157 silly addNameRange     '0.8.0',
157 silly addNameRange     '0.8.1',
157 silly addNameRange     '0.8.2',
157 silly addNameRange     '0.8.3',
157 silly addNameRange     '0.8.4',
157 silly addNameRange     '0.8.5',
157 silly addNameRange     '0.8.6',
157 silly addNameRange     '0.9.0',
157 silly addNameRange     '0.9.1',
157 silly addNameRange     '0.9.2',
157 silly addNameRange     '0.10.0',
157 silly addNameRange     '1.0.0',
157 silly addNameRange     '1.0.1',
157 silly addNameRange     '1.0.2',
157 silly addNameRange     '1.0.3',
157 silly addNameRange     '1.1.0',
157 silly addNameRange     '1.1.1',
157 silly addNameRange     '1.1.2',
157 silly addNameRange     '1.2.0',
157 silly addNameRange     '1.2.1',
157 silly addNameRange     '1.2.2',
157 silly addNameRange     '1.2.3',
157 silly addNameRange     '1.2.4',
157 silly addNameRange     '1.2.5',
157 silly addNameRange     '1.2.6',
157 silly addNameRange     '1.2.7',
157 silly addNameRange     '1.2.8',
157 silly addNameRange     '1.3.0',
157 silly addNameRange     '1.3.1',
157 silly addNameRange     '1.3.2',
157 silly addNameRange     '1.3.3',
157 silly addNameRange     '1.3.4',
157 silly addNameRange     '1.3.5',
157 silly addNameRange     '1.3.6',
157 silly addNameRange     '1.3.7',
157 silly addNameRange     '1.3.8',
157 silly addNameRange     '1.3.9',
157 silly addNameRange     '1.3.10',
157 silly addNameRange     '1.3.11',
157 silly addNameRange     '1.3.12',
157 silly addNameRange     '1.4.0',
157 silly addNameRange     '1.4.1' ] ]
158 verbose addNamed [ 'bower', '1.4.1' ]
159 verbose addNamed [ '1.4.1', '1.4.1' ]
160 silly lockFile 185f46c0-bower-1-4-1 bower@1.4.1
161 verbose lock bower@1.4.1 /home/alexdo/.npm/185f46c0-bower-1-4-1.lock
162 silly lockFile dde8a805-js-org-shelljs-shelljs-0-2-6-tgz https://registry.npmjs.org/shelljs/-/shelljs-0.2.6.tgz
163 verbose lock https://registry.npmjs.org/shelljs/-/shelljs-0.2.6.tgz /home/alexdo/.npm/dde8a805-js-org-shelljs-shelljs-0-2-6-tgz.lock
164 verbose addRemoteTarball [ 'https://registry.npmjs.org/shelljs/-/shelljs-0.2.6.tgz',
164 verbose addRemoteTarball   '90492d72ffcc8159976baba62fb0f6884f0c3378' ]
165 silly lockFile d2d30e51-r-karma-junit-reporter-0-2-2-tgz https://registry.npmjs.org/karma-junit-reporter/-/karma-junit-reporter-0.2.2.tgz
166 verbose lock https://registry.npmjs.org/karma-junit-reporter/-/karma-junit-reporter-0.2.2.tgz /home/alexdo/.npm/d2d30e51-r-karma-junit-reporter-0-2-2-tgz.lock
167 silly lockFile c3f4b4b6-ttp-server-http-server-0-6-1-tgz https://registry.npmjs.org/http-server/-/http-server-0.6.1.tgz
168 verbose lock https://registry.npmjs.org/http-server/-/http-server-0.6.1.tgz /home/alexdo/.npm/c3f4b4b6-ttp-server-http-server-0-6-1-tgz.lock
169 verbose addRemoteTarball [ 'https://registry.npmjs.org/karma-junit-reporter/-/karma-junit-reporter-0.2.2.tgz',
169 verbose addRemoteTarball   '4cdd4e21affd3e090e7ba73e3c766ea9e13c45ba' ]
170 verbose addRemoteTarball [ 'https://registry.npmjs.org/http-server/-/http-server-0.6.1.tgz',
170 verbose addRemoteTarball   '06fce65cf2bd4132a578bdac62ffacb97d613981' ]
171 info retry fetch attempt 1 at 17:44:00
172 verbose fetch to= /tmp/npm-119199-SElVShdK/registry.npmjs.org/shelljs/-/shelljs-0.2.6.tgz
173 info retry fetch attempt 1 at 17:44:00
174 verbose fetch to= /tmp/npm-119199-SElVShdK/registry.npmjs.org/karma-junit-reporter/-/karma-junit-reporter-0.2.2.tgz
175 info retry fetch attempt 1 at 17:44:00
176 verbose fetch to= /tmp/npm-119199-SElVShdK/registry.npmjs.org/http-server/-/http-server-0.6.1.tgz
177 http GET https://registry.npmjs.org/shelljs/-/shelljs-0.2.6.tgz
178 http GET https://registry.npmjs.org/karma-junit-reporter/-/karma-junit-reporter-0.2.2.tgz
179 http GET https://registry.npmjs.org/http-server/-/http-server-0.6.1.tgz
180 silly lockFile 185f46c0-bower-1-4-1 bower@1.4.1
181 silly lockFile 185f46c0-bower-1-4-1 bower@1.4.1
182 silly lockFile 028ac3b1--protractor-protractor-1-8-0-tgz https://registry.npmjs.org/protractor/-/protractor-1.8.0.tgz
183 verbose lock https://registry.npmjs.org/protractor/-/protractor-1.8.0.tgz /home/alexdo/.npm/028ac3b1--protractor-protractor-1-8-0-tgz.lock
184 verbose addRemoteTarball [ 'https://registry.npmjs.org/protractor/-/protractor-1.8.0.tgz',
184 verbose addRemoteTarball   'ac2b05f590eddb293bddd41e8deaf999f60fc53c' ]
185 info retry fetch attempt 1 at 17:44:00
186 verbose fetch to= /tmp/npm-119199-SElVShdK/registry.npmjs.org/protractor/-/protractor-1.8.0.tgz
187 http GET https://registry.npmjs.org/protractor/-/protractor-1.8.0.tgz
188 silly lockFile 7c83895e-bower-1-3-1 bower@^1.3.1
189 silly lockFile 7c83895e-bower-1-3-1 bower@^1.3.1
190 http 200 https://registry.npmjs.org/karma-junit-reporter/-/karma-junit-reporter-0.2.2.tgz
191 silly lockFile d2d30e51-r-karma-junit-reporter-0-2-2-tgz https://registry.npmjs.org/karma-junit-reporter/-/karma-junit-reporter-0.2.2.tgz
192 silly lockFile d2d30e51-r-karma-junit-reporter-0-2-2-tgz https://registry.npmjs.org/karma-junit-reporter/-/karma-junit-reporter-0.2.2.tgz
193 silly lockFile 9c865114-karma-junit-reporter-0-2-2 karma-junit-reporter@0.2.2
194 silly lockFile 9c865114-karma-junit-reporter-0-2-2 karma-junit-reporter@0.2.2
195 silly lockFile 6934e75d-karma-junit-reporter-0-2-2 karma-junit-reporter@^0.2.2
196 silly lockFile 6934e75d-karma-junit-reporter-0-2-2 karma-junit-reporter@^0.2.2
197 http 200 https://registry.npmjs.org/shelljs/-/shelljs-0.2.6.tgz
198 silly lockFile dde8a805-js-org-shelljs-shelljs-0-2-6-tgz https://registry.npmjs.org/shelljs/-/shelljs-0.2.6.tgz
199 silly lockFile dde8a805-js-org-shelljs-shelljs-0-2-6-tgz https://registry.npmjs.org/shelljs/-/shelljs-0.2.6.tgz
200 silly lockFile 542b9617-shelljs-0-2-6 shelljs@0.2.6
201 silly lockFile 542b9617-shelljs-0-2-6 shelljs@0.2.6
202 silly lockFile cdaabbbd-shelljs-0-2-6 shelljs@^0.2.6
203 silly lockFile cdaabbbd-shelljs-0-2-6 shelljs@^0.2.6
204 http 200 https://registry.npmjs.org/http-server/-/http-server-0.6.1.tgz
205 http 200 https://registry.npmjs.org/protractor/-/protractor-1.8.0.tgz
206 http 200 https://registry.npmjs.org/karma
207 silly registry.get cb [ 200,
207 silly registry.get   { server: 'CouchDB/1.5.0 (Erlang OTP/R16B03)',
207 silly registry.get     etag: '"3LMNVL5QGR1DYJOZTQOE7SSOJ"',
207 silly registry.get     'content-type': 'application/json',
207 silly registry.get     'cache-control': 'max-age=60',
207 silly registry.get     'content-length': '688504',
207 silly registry.get     'accept-ranges': 'bytes',
207 silly registry.get     date: 'Sat, 02 May 2015 00:44:01 GMT',
207 silly registry.get     via: '1.1 varnish',
207 silly registry.get     age: '24',
207 silly registry.get     connection: 'keep-alive',
207 silly registry.get     'x-served-by': 'cache-sjc3135-SJC',
207 silly registry.get     'x-cache': 'HIT',
207 silly registry.get     'x-cache-hits': '1',
207 silly registry.get     'x-timer': 'S1430527441.074900,VS0,VE3',
207 silly registry.get     vary: 'Accept' } ]
208 silly addNameRange number 2 { name: 'karma', range: '>=0.10.0-0 <0.11.0-0', hasData: true }
209 silly addNameRange versions [ 'karma',
209 silly addNameRange   [ '0.8.0',
209 silly addNameRange     '0.9.0-dart',
209 silly addNameRange     '0.8.1',
209 silly addNameRange     '0.8.2',
209 silly addNameRange     '0.8.3',
209 silly addNameRange     '0.9.0',
209 silly addNameRange     '0.8.4',
209 silly addNameRange     '0.9.1',
209 silly addNameRange     '0.8.5',
209 silly addNameRange     '0.9.2',
209 silly addNameRange     '0.9.2-dart',
209 silly addNameRange     '0.9.3',
209 silly addNameRange     '0.8.6',
209 silly addNameRange     '0.9.4',
209 silly addNameRange     '0.8.7',
209 silly addNameRange     '0.9.5',
209 silly addNameRange     '0.9.6',
209 silly addNameRange     '0.8.8',
209 silly addNameRange     '0.9.7',
209 silly addNameRange     '0.9.8',
209 silly addNameRange     '0.10.0',
209 silly addNameRange     '0.10.1',
209 silly addNameRange     '0.10.2',
209 silly addNameRange     '0.11.0',
209 silly addNameRange     '0.11.1',
209 silly addNameRange     '0.10.3',
209 silly addNameRange     '0.10.4',
209 silly addNameRange     '0.11.2',
209 silly addNameRange     '0.11.3',
209 silly addNameRange     '0.10.5',
209 silly addNameRange     '0.11.4',
209 silly addNameRange     '0.11.5',
209 silly addNameRange     '0.10.6',
209 silly addNameRange     '0.11.6',
209 silly addNameRange     '0.10.7',
209 silly addNameRange     '0.11.7',
209 silly addNameRange     '0.11.8',
209 silly addNameRange     '0.11.9',
209 silly addNameRange     '0.10.8',
209 silly addNameRange     '0.11.10',
209 silly addNameRange     '0.11.11',
209 silly addNameRange     '0.11.12',
209 silly addNameRange     '0.11.11-dev',
209 silly addNameRange     '0.10.9',
209 silly addNameRange     '0.11.12-dev',
209 silly addNameRange     '0.11.12-dev2',
209 silly addNameRange     '0.11.13',
209 silly addNameRange     '0.11.14',
209 silly addNameRange     '0.12.0',
209 silly addNameRange     '0.10.10',
209 silly addNameRange     '0.12.1',
209 silly addNameRange     '0.12.2',
209 silly addNameRange     '0.12.3',
209 silly addNameRange     '0.12.4',
209 silly addNameRange     '0.12.5',
209 silly addNameRange     '0.12.6',
209 silly addNameRange     '0.12.6-beta-43e6e28',
209 silly addNameRange     '0.12.7',
209 silly addNameRange     '0.12.8',
209 silly addNameRange     '0.12.9',
209 silly addNameRange     '0.12.10',
209 silly addNameRange     '0.12.11',
209 silly addNameRange     '0.12.12',
209 silly addNameRange     '0.12.11-beta-3029418',
209 silly addNameRange     '0.12.13',
209 silly addNameRange     '0.12.14',
209 silly addNameRange     '0.12.15',
209 silly addNameRange     '0.12.16',
209 silly addNameRange     '0.12.16-beta-905422d',
209 silly addNameRange     '0.12.17',
209 silly addNameRange     '0.12.18',
209 silly addNameRange     '0.12.19',
209 silly addNameRange     '0.12.20',
209 silly addNameRange     '0.12.21',
209 silly addNameRange     '0.12.22',
209 silly addNameRange     '0.12.23',
209 silly addNameRange     '0.12.24',
209 silly addNameRange     '0.12.24-beta-6cf7955',
209 silly addNameRange     '0.12.25',
209 silly addNameRange     '0.12.25-beta-37a7958',
209 silly addNameRange     '0.12.25-beta-ad5bc24',
209 silly addNameRange     '0.12.26',
209 silly addNameRange     '0.12.27',
209 silly addNameRange     '0.12.28',
209 silly addNameRange     '0.12.28-beta-b9be580',
209 silly addNameRange     '0.12.29',
209 silly addNameRange     '0.12.30',
209 silly addNameRange     '0.12.31',
209 silly addNameRange     '0.12.28-beta-f65c864',
209 silly addNameRange     '0.12.24-dev-test',
209 silly addNameRange     '0.12.24-dev-socketio10',
209 silly addNameRange     '0.12.24-dev-socketio10-2',
209 silly addNameRange     '0.12.32-beta.0',
209 silly addNameRange     '0.12.32' ] ]
210 verbose addNamed [ 'karma', '0.10.10' ]
211 verbose addNamed [ '0.10.10', '0.10.10' ]
212 silly lockFile f40119e0-karma-0-10-10 karma@0.10.10
213 verbose lock karma@0.10.10 /home/alexdo/.npm/f40119e0-karma-0-10-10.lock
214 silly lockFile 75a3376e-pmjs-org-karma-karma-0-10-10-tgz https://registry.npmjs.org/karma/-/karma-0.10.10.tgz
215 verbose lock https://registry.npmjs.org/karma/-/karma-0.10.10.tgz /home/alexdo/.npm/75a3376e-pmjs-org-karma-karma-0-10-10-tgz.lock
216 verbose addRemoteTarball [ 'https://registry.npmjs.org/karma/-/karma-0.10.10.tgz',
216 verbose addRemoteTarball   '137f4aad0fbe5854e73e8c1eb293c0e540825a49' ]
217 info retry fetch attempt 1 at 17:44:01
218 verbose fetch to= /tmp/npm-119199-SElVShdK/registry.npmjs.org/karma/-/karma-0.10.10.tgz
219 http GET https://registry.npmjs.org/karma/-/karma-0.10.10.tgz
220 silly lockFile c3f4b4b6-ttp-server-http-server-0-6-1-tgz https://registry.npmjs.org/http-server/-/http-server-0.6.1.tgz
221 silly lockFile c3f4b4b6-ttp-server-http-server-0-6-1-tgz https://registry.npmjs.org/http-server/-/http-server-0.6.1.tgz
222 silly lockFile 1e2b2518-http-server-0-6-1 http-server@0.6.1
223 silly lockFile 1e2b2518-http-server-0-6-1 http-server@0.6.1
224 silly lockFile e7eeaefd-http-server-0-6-1 http-server@^0.6.1
225 silly lockFile e7eeaefd-http-server-0-6-1 http-server@^0.6.1
226 silly lockFile 028ac3b1--protractor-protractor-1-8-0-tgz https://registry.npmjs.org/protractor/-/protractor-1.8.0.tgz
227 silly lockFile 028ac3b1--protractor-protractor-1-8-0-tgz https://registry.npmjs.org/protractor/-/protractor-1.8.0.tgz
228 silly lockFile 260d3e9d-protractor-1-8-0 protractor@1.8.0
229 silly lockFile 260d3e9d-protractor-1-8-0 protractor@1.8.0
230 silly lockFile 345c784a-protractor-1-1-1 protractor@^1.1.1
231 silly lockFile 345c784a-protractor-1-1-1 protractor@^1.1.1
232 http 200 https://registry.npmjs.org/karma/-/karma-0.10.10.tgz
233 silly lockFile 75a3376e-pmjs-org-karma-karma-0-10-10-tgz https://registry.npmjs.org/karma/-/karma-0.10.10.tgz
234 silly lockFile 75a3376e-pmjs-org-karma-karma-0-10-10-tgz https://registry.npmjs.org/karma/-/karma-0.10.10.tgz
235 silly lockFile f40119e0-karma-0-10-10 karma@0.10.10
236 silly lockFile f40119e0-karma-0-10-10 karma@0.10.10
237 silly lockFile 059b5650-karma-0-10 karma@~0.10
238 silly lockFile 059b5650-karma-0-10 karma@~0.10
239 error Error: EACCES, mkdir '/home/alexdo/.npm/shelljs/0.2.6'
239 error  { [Error: EACCES, mkdir '/home/alexdo/.npm/shelljs/0.2.6']
239 error   errno: 3,
239 error   code: 'EACCES',
239 error   path: '/home/alexdo/.npm/shelljs/0.2.6',
239 error   parent: 'material-start' }
240 error Please try running this command again as root/Administrator.
241 error System Linux 3.16.0-34-generic
242 error command "/usr/bin/node" "/usr/bin/npm" "install"
243 error cwd /home/alexdo/My Projects/material-start
244 error node -v v0.10.38
245 error npm -v 1.4.28
246 error path /home/alexdo/.npm/shelljs/0.2.6
247 error code EACCES
248 error errno 3
249 error stack Error: EACCES, mkdir '/home/alexdo/.npm/shelljs/0.2.6'
250 verbose exit [ 3, true ]
